C51 COMPILER V9.54   TRIGGER                                                               04/09/2018 11:11:01 PAGE 1   


C51 COMPILER V9.54, COMPILATION OF MODULE TRIGGER
OBJECT MODULE PLACED IN .\Objects\trigger.obj
COMPILER INVOKED BY: C:\Keil_v5\C51\BIN\C51.EXE trigger.c OPTIMIZE(8,SPEED) BROWSE DEBUG OBJECTEXTEND PRINT(.\Listings\t
                    -rigger.lst) TABS(2) OBJECT(.\Objects\trigger.obj)

line level    source

   1          /*
   2          单片机选用at89c2051，端口P1.2为触发外部计时器（ZF5W-
   3          2计时计数器）计时端口，外部中断低电平触发，触发一次
   4          开始计时；再次触发，停止计时。
   5          附加选择功能：选用MAX7219为数码管驱动器，驱动数码管
   6          */
   7          #include<REG2051.H>
   8          
   9          #define Timer_H (65536-50000)/256 /* 50ms run 1 time ISR */
  10          #define Timer_L (65536-50000)%256
  11          //#define DEDA 20/* 20*50ms=1sec */
  12          //#define n 10    /*LED显示延时*/
  13          
  14          sbit LOAD=P1^5;  //MAX7219片选
  15          sbit DIN =P1^7;  //MAX7219串行数据
  16          sbit CLK =P1^6;  //MAX7219串行时钟
  17          #define DECODE_MODE 0x09 //译码控制器
  18          #define INTENSITY   0x0A   //亮度控制器
  19          #define SCAN_LIMIT  0x0B   //扫描边界控制器
  20          #define SHUT_DOWN   0x0C   //关断模式寄存器
  21          #define DISPLAY_TEST 0x0F   //测试控制寄存器
  22          
  23          char Trig_Num;
  24          //int Timer50ms_Num;
  25          //int FinishMeasureTime;
  26          unsigned char i;
  27          
  28          //函数声明
  29          void Write7219(unsigned char address,unsigned char dat);
  30          void Initial(void);
  31          
  32          //地址、数据发送子程序
  33          void Write7219(unsigned char address,unsigned char dat)
  34          {
  35   1          unsigned char i;
  36   1          LOAD =0;             //拉低片选线，选中器件
  37   1          //发送地址
  38   1          for(i=0;i<8;i++)     //移位循环8次
  39   1          {
  40   2              CLK =0;           //清零时钟总线
  41   2              DIN =(bit)(address&0x80);//每次取高字节
  42   2              address<<=1;      //左移一位
  43   2              CLK =1;         //时钟上升沿，发送地址
  44   2          }
  45   1          //发送数据
  46   1          for(i=0;i<8;i++)
  47   1          {
  48   2              CLK=0;
  49   2              DIN=(bit)(dat&0x80);
  50   2              dat<<=1;
  51   2              CLK =1;             //时钟上升沿，发送数据
  52   2          }
  53   1          LOAD=1;                 //发送结束，上升沿锁存数据
  54   1      } 
C51 COMPILER V9.54   TRIGGER                                                               04/09/2018 11:11:01 PAGE 2   

  55          //MAX7219初始化，设置MAX7219内部的控制寄存器
  56          void Initial(void)
  57          {
  58   1          Write7219(SHUT_DOWN,0x01);         //开启正常工作模式(0xX1)
  59   1          Write7219(DISPLAY_TEST,0x00);      //选择工作模式(0xX0)
  60   1          Write7219(DECODE_MODE,0x0f);       //选用半译码模式
  61   1          Write7219(SCAN_LIMIT,0x02);        //3只LED
  62   1          Write7219(INTENSITY,0x04);          //设置初始化亮度
  63   1      }
  64          void delay(int t)
  65           {
  66   1        int i,j;
  67   1        for(i=0;i<t;i++)
  68   1        for(j=0;j<5;j++);
  69   1      
  70   1       }
  71          /*----------*/
  72          /*void Timer0(void) interrupt 1
  73          {
  74             TR0=0;
  75             TH0=Timer_H;
  76             TL0=Timer_L;                                           
  77             Timer50ms_Num++;                                       //完成一次50ms计时
  78             TR0=1;
  79             
  80          }*/
  81          
  82          void Ex_1(void) interrupt 2
  83          {
  84   1          EX1=0;                                                //关闭外部中断
  85   1          if(Trig_Num==0)
  86   1          {
  87   2            //TR0=1;
  88   2            P1_2=0;
  89   2            Trig_Num++;}                                        //如果现在未处于计时状态则开始计时
  90   1          else
  91   1          {                                                     //如果现在处于计时状态则停止计时
  92   2            //TR0=0;
  93   2            P1_2=1;
  94   2            Trig_Num=0;
  95   2            //FinishMeasureTime=Timer50ms_Num*50000+(50000-(TH0*256+TL0));              //最终测得的触发时间差
  96   2            //Timer50ms_Num=0;
  97   2          }                               
  98   1          //EX1=1;
  99   1      }
 100           /****************************/
 101          void init_Ex_Timer()                                      /* ?????? */
 102          {
 103   1      /* ?????? */
 104   1        TMOD=0x01;
 105   1      //  TH0=Timer_H;                                            /*???? */
 106   1      //  TL0=Timer_L;
 107   1      //  IP=0x06;
 108   1      //  ET0=1;
 109   1      //  TR0=0;
 110   1      
 111   1        EX1=1;
 112   1        IT1=0;
 113   1        EA=1;
 114   1      }
 115          
 116          void main()                                               /* 主程序*/
C51 COMPILER V9.54   TRIGGER                                                               04/09/2018 11:11:01 PAGE 3   

 117          {
 118   1        Trig_Num=0;                                             //默认为第一次触发
 119   1        //Timer50ms_Num=0;
 120   1        init_Ex_Timer();                                       /* 初始化 外部中断1 ：低电平触发和定时器0*/
 121   1        //Initial();               //MAX7219???
 122   1        while(1)
 123   1        {
 124   2            if(P3_3!=0){EX1=1;}                                 //当外部中断引脚为高电平时使能外部中断
 125   2      
 126   2        }
 127   1      }


MODULE INFORMATION:   STATIC OVERLAYABLE
   CODE SIZE        =    159    ----
   CONSTANT SIZE    =   ----    ----
   XDATA SIZE       =   ----    ----
   PDATA SIZE       =   ----    ----
   DATA SIZE        =      2    ----
   IDATA SIZE       =   ----    ----
   BIT SIZE         =   ----    ----
END OF MODULE INFORMATION.


C51 COMPILATION COMPLETE.  0 WARNING(S),  0 ERROR(S)
