C51 COMPILER V9.54   TRIGGER                                                               04/09/2018 11:06:19 PAGE 1   


C51 COMPILER V9.54, COMPILATION OF MODULE TRIGGER
OBJECT MODULE PLACED IN .\Objects\trigger.obj
COMPILER INVOKED BY: C:\Keil_v5\C51\BIN\C51.EXE trigger.c OPTIMIZE(8,SPEED) BROWSE DEBUG OBJECTEXTEND PRINT(.\Listings\t
                    -rigger.lst) TABS(2) OBJECT(.\Objects\trigger.obj)

line level    source

   1          /*
   2          单片机选用at89c2051，选用MAX7219为数码管驱动器，驱动数码管
   3          附加选择功能：外部中断低电平触发，触发一次开始计时；再次触发，停止计时
   4          */
   5          #include<REG2051.H>
   6          
   7          #define Timer_H (65536-50000)/256 /* 50ms run 1 time ISR */
   8          #define Timer_L (65536-50000)%256
   9          //#define DEDA 20/* 20*50ms=1sec */
  10          //#define n 10    /*LED显示延时*/
  11          
  12          sbit LOAD=P1^5;  //MAX7219片选
  13          sbit DIN =P1^7;  //MAX7219串行数据
  14          sbit CLK =P1^6;  //MAX7219串行时钟
  15          #define DECODE_MODE 0x09 //译码控制器
  16          #define INTENSITY   0x0A   //亮度控制器
  17          #define SCAN_LIMIT  0x0B   //扫描边界控制器
  18          #define SHUT_DOWN   0x0C   //关断模式寄存器
  19          #define DISPLAY_TEST 0x0F   //测试控制寄存器
  20          
  21          char Trig_Num;
  22          int Timer50ms_Num;
  23          int FinishMeasureTime;
  24          
  25          //函数声明
  26          void Write7219(unsigned char address,unsigned char dat);
  27          void Initial(void);
  28          
  29          //地址、数据发送子程序
  30          void Write7219(unsigned char address,unsigned char dat)
  31          {
  32   1          unsigned char i;
  33   1          LOAD =0;             //拉低片选线，选中器件
  34   1          //发送地址
  35   1          for(i=0;i<8;i++)     //移位循环8次
  36   1          {
  37   2              CLK =0;           //清零时钟总线
  38   2              DIN =(bit)(address&0x80);//每次取高字节
  39   2              address<<=1;      //左移一位
  40   2              CLK =1;         //时钟上升沿，发送地址
  41   2          }
  42   1          //发送数据
  43   1          for(i=0;i<8;i++)
  44   1          {
  45   2              CLK=0;
  46   2              DIN=(bit)(dat&0x80);
  47   2              dat<<=1;
  48   2              CLK =1;             //时钟上升沿，发送数据
  49   2          }
  50   1          LOAD=1;                 //发送结束，上升沿锁存数据
  51   1      } 
  52          //MAX7219初始化，设置MAX7219内部的控制寄存器
  53          void Initial(void)
  54          {
C51 COMPILER V9.54   TRIGGER                                                               04/09/2018 11:06:19 PAGE 2   

  55   1          Write7219(SHUT_DOWN,0x01);         //开启正常工作模式(0xX1)
  56   1          Write7219(DISPLAY_TEST,0x00);      //选择工作模式(0xX0)
  57   1          Write7219(DECODE_MODE,0x0f);       //选用半译码模式
  58   1          Write7219(SCAN_LIMIT,0x02);        //3只LED
  59   1          Write7219(INTENSITY,0x04);          //设置初始化亮度
  60   1      }
  61          void delay(int t)
  62           {
  63   1        int i,j;
  64   1        for(i=0;i<t;i++)
  65   1        for(j=0;j<5;j++);
  66   1      
  67   1       }
  68          /*----------*/
  69          void Timer0(void) interrupt 1
  70          {
  71   1         TR0=0;
  72   1         TH0=Timer_H;
  73   1         TL0=Timer_L;                                           
  74   1         Timer50ms_Num++;                                       //完成一次50ms计时
  75   1         TR0=1;
  76   1         
  77   1      }
  78          
  79          void Ex_1(void) interrupt 2
  80          {
  81   1          EX1=0;                                                //关闭外部中断
  82   1          if(Trig_Num==0){TR0=1;Trig_Num++;}                    //如果现在未处于计时状态则开始计时
  83   1          else
  84   1          {                                                     //如果现在处于计时状态则停止计时
  85   2            TR0=0;
  86   2            Trig_Num=0;
  87   2            FinishMeasureTime=Timer50ms_Num*50000+(50000-(TH0*256+TL0));              //最终测得的触发时间差
  88   2            Timer50ms_Num=0;
  89   2          }                               
  90   1          //EX1=1;
  91   1      }
  92           /****************************/
  93          void init_Ex_Timer()                                      /* ?????? */
  94          {
  95   1      /* ?????? */
  96   1        TMOD=0x01;
  97   1        TH0=Timer_H;                                            /*???? */
  98   1        TL0=Timer_L;
  99   1        IP=0x06;
 100   1        ET0=1;
 101   1        TR0=0;
 102   1      
 103   1        EX1=1;
 104   1        IT1=0;
 105   1        EA=1;
 106   1      }
 107          
 108          void main()                                               /* 主程序*/
 109          {
 110   1        //Trig_Num=0;                                             //默认为第一次触发
 111   1        //Timer50ms_Num=0;
 112   1        //init_Ex_Timer();                                        /* 初始化 外部中断1 ：低电平触发和定时器0*/
 113   1        unsigned char i;
 114   1        Initial();               //MAX7219???
 115   1        while(1)
 116   1        {
C51 COMPILER V9.54   TRIGGER                                                               04/09/2018 11:06:19 PAGE 3   

 117   2            //if(P3_3==1){EX1=1;}                                 //当外部中断引脚为高电平时使能外部中断
 118   2            //FinishMeasureTime----?该怎么处理
 119   2            for(i=1;i<4;i++)
 120   2            {
 121   3              Write7219(i,0x86);      //?????1~8
 122   3            }
 123   2        }
 124   1      }
 125          


MODULE INFORMATION:   STATIC OVERLAYABLE
   CODE SIZE        =    311    ----
   CONSTANT SIZE    =   ----    ----
   XDATA SIZE       =   ----    ----
   PDATA SIZE       =   ----    ----
   DATA SIZE        =      5    ----
   IDATA SIZE       =   ----    ----
   BIT SIZE         =   ----    ----
END OF MODULE INFORMATION.


C51 COMPILATION COMPLETE.  0 WARNING(S),  0 ERROR(S)
